This file contains any messages produced by compilers while
running configure, to aid debugging if configure makes a mistake.

It was created by lxpanel configure 0.4.1, which was
generated by GNU Autoconf 2.61.  Invocation command line was

  $ ./configure 

## --------- ##
## Platform. ##
## --------- ##

hostname = quietheart-desktop
uname -m = i686
uname -r = 2.6.24-19-generic
uname -s = Linux
uname -v = #1 SMP Wed Jun 18 14:43:41 UTC 2008

/usr/bin/uname -p = unknown
/bin/uname -X     = unknown

/bin/arch              = unknown
/usr/bin/arch -k       = unknown
/usr/convex/getsysinfo = unknown
/usr/bin/hostinfo      = unknown
/bin/machine           = unknown
/usr/bin/oslevel       = unknown
/bin/universe          = unknown

PATH: /usr/local/sbin
PATH: /usr/local/bin
PATH: /usr/sbin
PATH: /usr/bin
PATH: /sbin
PATH: /bin
PATH: /usr/games


## ----------- ##
## Core tests. ##
## ----------- ##

configure:2076: checking for a BSD-compatible install
configure:2132: result: /usr/bin/install -c
configure:2143: checking whether build environment is sane
configure:2186: result: yes
configure:2214: checking for a thread-safe mkdir -p
configure:2253: result: /bin/mkdir -p
configure:2266: checking for gawk
configure:2296: result: no
configure:2266: checking for mawk
configure:2282: found /usr/bin/mawk
configure:2293: result: mawk
configure:2304: checking whether make sets $(MAKE)
configure:2325: result: yes
configure:2593: checking for gcc
configure:2609: found /usr/bin/gcc
configure:2620: result: gcc
configure:2858: checking for C compiler version
configure:2865: gcc --version >&5
gcc (GCC) 4.2.4 (Ubuntu 4.2.4-1ubuntu4)
Copyright (C) 2007 Free Software Foundation, Inc.
This is free software; see the source for copying conditions.  There is NO
warranty; not even for MERCHANTABILITY or FITNESS FOR A PARTICULAR PURPOSE.

configure:2868: $? = 0
configure:2875: gcc -v >&5
Using built-in specs.
Target: i486-linux-gnu
Configured with: ../src/configure -v --enable-languages=c,c++,fortran,objc,obj-c++,treelang --prefix=/usr --enable-shared --with-system-zlib --libexecdir=/usr/lib --without-included-gettext --enable-threads=posix --enable-nls --with-gxx-include-dir=/usr/include/c++/4.2 --program-suffix=-4.2 --enable-clocale=gnu --enable-libstdcxx-debug --enable-objc-gc --enable-mpfr --enable-targets=all --enable-checking=release --build=i486-linux-gnu --host=i486-linux-gnu --target=i486-linux-gnu
Thread model: posix
gcc version 4.2.4 (Ubuntu 4.2.4-1ubuntu4)
configure:2878: $? = 0
configure:2885: gcc -V >&5
gcc: '-V' option must have argument
configure:2888: $? = 1
configure:2911: checking for C compiler default output file name
configure:2938: gcc    conftest.c  >&5
configure:2941: $? = 0
configure:2979: result: a.out
configure:2996: checking whether the C compiler works
configure:3006: ./a.out
configure:3009: $? = 0
configure:3026: result: yes
configure:3033: checking whether we are cross compiling
configure:3035: result: no
configure:3038: checking for suffix of executables
configure:3045: gcc -o conftest    conftest.c  >&5
configure:3048: $? = 0
configure:3072: result: 
configure:3078: checking for suffix of object files
configure:3104: gcc -c   conftest.c >&5
configure:3107: $? = 0
configure:3130: result: o
configure:3134: checking whether we are using the GNU C compiler
configure:3163: gcc -c   conftest.c >&5
configure:3169: $? = 0
configure:3186: result: yes
configure:3191: checking whether gcc accepts -g
configure:3221: gcc -c -g  conftest.c >&5
configure:3227: $? = 0
configure:3326: result: yes
configure:3343: checking for gcc option to accept ISO C89
configure:3417: gcc  -c -g -O2  conftest.c >&5
configure:3423: $? = 0
configure:3446: result: none needed
configure:3475: checking for style of include used by make
configure:3503: result: GNU
configure:3528: checking dependency style of gcc
configure:3619: result: gcc3
configure:3647: checking for a BSD-compatible install
configure:3703: result: /usr/bin/install -c
configure:3714: checking whether ln -s works
configure:3718: result: yes
configure:3779: checking build system type
configure:3797: result: i686-pc-linux-gnu
configure:3819: checking host system type
configure:3834: result: i686-pc-linux-gnu
configure:3856: checking for a sed that does not truncate output
configure:3912: result: /bin/sed
configure:3915: checking for grep that handles long lines and -e
configure:3989: result: /bin/grep
configure:3994: checking for egrep
configure:4072: result: /bin/grep -E
configure:4088: checking for ld used by gcc
configure:4155: result: /usr/bin/ld
configure:4164: checking if the linker (/usr/bin/ld) is GNU ld
configure:4179: result: yes
configure:4184: checking for /usr/bin/ld option to reload object files
configure:4191: result: -r
configure:4209: checking for BSD-compatible nm
configure:4258: result: /usr/bin/nm -B
configure:4262: checking how to recognize dependent libraries
configure:4448: result: pass_all
configure:4694: checking how to run the C preprocessor
configure:4734: gcc -E  conftest.c
configure:4740: $? = 0
configure:4771: gcc -E  conftest.c
conftest.c:10:28: error: ac_nonexistent.h: No such file or directory
configure:4777: $? = 1
configure: failed program was:
| /* confdefs.h.  */
| #define PACKAGE_NAME "lxpanel"
| #define PACKAGE_TARNAME "lxpanel"
| #define PACKAGE_VERSION "0.4.1"
| #define PACKAGE_STRING "lxpanel 0.4.1"
| #define PACKAGE_BUGREPORT "http://lxde.org/"
| #define PACKAGE "lxpanel"
| #define VERSION "0.4.1"
| /* end confdefs.h.  */
| #include <ac_nonexistent.h>
configure:4810: result: gcc -E
configure:4839: gcc -E  conftest.c
configure:4845: $? = 0
configure:4876: gcc -E  conftest.c
conftest.c:10:28: error: ac_nonexistent.h: No such file or directory
configure:4882: $? = 1
configure: failed program was:
| /* confdefs.h.  */
| #define PACKAGE_NAME "lxpanel"
| #define PACKAGE_TARNAME "lxpanel"
| #define PACKAGE_VERSION "0.4.1"
| #define PACKAGE_STRING "lxpanel 0.4.1"
| #define PACKAGE_BUGREPORT "http://lxde.org/"
| #define PACKAGE "lxpanel"
| #define VERSION "0.4.1"
| /* end confdefs.h.  */
| #include <ac_nonexistent.h>
configure:4920: checking for ANSI C header files
configure:4950: gcc -c -g -O2  conftest.c >&5
configure:4956: $? = 0
configure:5055: gcc -o conftest -g -O2   conftest.c  >&5
configure:5058: $? = 0
configure:5064: ./conftest
configure:5067: $? = 0
configure:5084: result: yes
configure:5108: checking for sys/types.h
configure:5129: gcc -c -g -O2  conftest.c >&5
configure:5135: $? = 0
configure:5151: result: yes
configure:5108: checking for sys/stat.h
configure:5129: gcc -c -g -O2  conftest.c >&5
configure:5135: $? = 0
configure:5151: result: yes
configure:5108: checking for stdlib.h
configure:5129: gcc -c -g -O2  conftest.c >&5
configure:5135: $? = 0
configure:5151: result: yes
configure:5108: checking for string.h
configure:5129: gcc -c -g -O2  conftest.c >&5
configure:5135: $? = 0
configure:5151: result: yes
configure:5108: checking for memory.h
configure:5129: gcc -c -g -O2  conftest.c >&5
configure:5135: $? = 0
configure:5151: result: yes
configure:5108: checking for strings.h
configure:5129: gcc -c -g -O2  conftest.c >&5
configure:5135: $? = 0
configure:5151: result: yes
configure:5108: checking for inttypes.h
configure:5129: gcc -c -g -O2  conftest.c >&5
configure:5135: $? = 0
configure:5151: result: yes
configure:5108: checking for stdint.h
configure:5129: gcc -c -g -O2  conftest.c >&5
configure:5135: $? = 0
configure:5151: result: yes
configure:5108: checking for unistd.h
configure:5129: gcc -c -g -O2  conftest.c >&5
configure:5135: $? = 0
configure:5151: result: yes
configure:5178: checking dlfcn.h usability
configure:5195: gcc -c -g -O2  conftest.c >&5
configure:5201: $? = 0
configure:5215: result: yes
configure:5219: checking dlfcn.h presence
configure:5234: gcc -E  conftest.c
configure:5240: $? = 0
configure:5254: result: yes
configure:5287: checking for dlfcn.h
configure:5295: result: yes
configure:5366: checking for g++
configure:5382: found /usr/bin/g++
configure:5393: result: g++
configure:5424: checking for C++ compiler version
configure:5431: g++ --version >&5
g++ (GCC) 4.2.4 (Ubuntu 4.2.4-1ubuntu4)
Copyright (C) 2007 Free Software Foundation, Inc.
This is free software; see the source for copying conditions.  There is NO
warranty; not even for MERCHANTABILITY or FITNESS FOR A PARTICULAR PURPOSE.

configure:5434: $? = 0
configure:5441: g++ -v >&5
Using built-in specs.
Target: i486-linux-gnu
Configured with: ../src/configure -v --enable-languages=c,c++,fortran,objc,obj-c++,treelang --prefix=/usr --enable-shared --with-system-zlib --libexecdir=/usr/lib --without-included-gettext --enable-threads=posix --enable-nls --with-gxx-include-dir=/usr/include/c++/4.2 --program-suffix=-4.2 --enable-clocale=gnu --enable-libstdcxx-debug --enable-objc-gc --enable-mpfr --enable-targets=all --enable-checking=release --build=i486-linux-gnu --host=i486-linux-gnu --target=i486-linux-gnu
Thread model: posix
gcc version 4.2.4 (Ubuntu 4.2.4-1ubuntu4)
configure:5444: $? = 0
configure:5451: g++ -V >&5
g++: '-V' option must have argument
configure:5454: $? = 1
configure:5457: checking whether we are using the GNU C++ compiler
configure:5486: g++ -c   conftest.cpp >&5
configure:5492: $? = 0
configure:5509: result: yes
configure:5514: checking whether g++ accepts -g
configure:5544: g++ -c -g  conftest.cpp >&5
configure:5550: $? = 0
configure:5649: result: yes
configure:5674: checking dependency style of g++
configure:5765: result: gcc3
configure:5790: checking how to run the C++ preprocessor
configure:5826: g++ -E  conftest.cpp
configure:5832: $? = 0
configure:5863: g++ -E  conftest.cpp
conftest.cpp:21:28: error: ac_nonexistent.h: No such file or directory
configure:5869: $? = 1
configure: failed program was:
| /* confdefs.h.  */
| #define PACKAGE_NAME "lxpanel"
| #define PACKAGE_TARNAME "lxpanel"
| #define PACKAGE_VERSION "0.4.1"
| #define PACKAGE_STRING "lxpanel 0.4.1"
| #define PACKAGE_BUGREPORT "http://lxde.org/"
| #define PACKAGE "lxpanel"
| #define VERSION "0.4.1"
| #define STDC_HEADERS 1
| #define HAVE_SYS_TYPES_H 1
| #define HAVE_SYS_STAT_H 1
| #define HAVE_STDLIB_H 1
| #define HAVE_STRING_H 1
| #define HAVE_MEMORY_H 1
| #define HAVE_STRINGS_H 1
| #define HAVE_INTTYPES_H 1
| #define HAVE_STDINT_H 1
| #define HAVE_UNISTD_H 1
| #define HAVE_DLFCN_H 1
| /* end confdefs.h.  */
| #include <ac_nonexistent.h>
configure:5902: result: g++ -E
configure:5931: g++ -E  conftest.cpp
configure:5937: $? = 0
configure:5968: g++ -E  conftest.cpp
conftest.cpp:21:28: error: ac_nonexistent.h: No such file or directory
configure:5974: $? = 1
configure: failed program was:
| /* confdefs.h.  */
| #define PACKAGE_NAME "lxpanel"
| #define PACKAGE_TARNAME "lxpanel"
| #define PACKAGE_VERSION "0.4.1"
| #define PACKAGE_STRING "lxpanel 0.4.1"
| #define PACKAGE_BUGREPORT "http://lxde.org/"
| #define PACKAGE "lxpanel"
| #define VERSION "0.4.1"
| #define STDC_HEADERS 1
| #define HAVE_SYS_TYPES_H 1
| #define HAVE_SYS_STAT_H 1
| #define HAVE_STDLIB_H 1
| #define HAVE_STRING_H 1
| #define HAVE_MEMORY_H 1
| #define HAVE_STRINGS_H 1
| #define HAVE_INTTYPES_H 1
| #define HAVE_STDINT_H 1
| #define HAVE_UNISTD_H 1
| #define HAVE_DLFCN_H 1
| /* end confdefs.h.  */
| #include <ac_nonexistent.h>
configure:6067: checking for g77
configure:6097: result: no
configure:6067: checking for xlf
configure:6097: result: no
configure:6067: checking for f77
configure:6097: result: no
configure:6067: checking for frt
configure:6097: result: no
configure:6067: checking for pgf77
configure:6097: result: no
configure:6067: checking for cf77
configure:6097: result: no
configure:6067: checking for fort77
configure:6097: result: no
configure:6067: checking for fl32
configure:6097: result: no
configure:6067: checking for af77
configure:6097: result: no
configure:6067: checking for xlf90
configure:6097: result: no
configure:6067: checking for f90
configure:6097: result: no
configure:6067: checking for pgf90
configure:6097: result: no
configure:6067: checking for pghpf
configure:6097: result: no
configure:6067: checking for epcf90
configure:6097: result: no
configure:6067: checking for gfortran
configure:6097: result: no
configure:6067: checking for g95
configure:6097: result: no
configure:6067: checking for xlf95
configure:6097: result: no
configure:6067: checking for f95
configure:6097: result: no
configure:6067: checking for fort
configure:6097: result: no
configure:6067: checking for ifort
configure:6097: result: no
configure:6067: checking for ifc
configure:6097: result: no
configure:6067: checking for efc
configure:6097: result: no
configure:6067: checking for pgf95
configure:6097: result: no
configure:6067: checking for lf95
configure:6097: result: no
configure:6067: checking for ftn
configure:6097: result: no
configure:6124: checking for Fortran 77 compiler version
configure:6131:  --version >&5
./configure: line 6132: --version: command not found
configure:6134: $? = 127
configure:6141:  -v >&5
./configure: line 6142: -v: command not found
configure:6144: $? = 127
configure:6151:  -V >&5
./configure: line 6152: -V: command not found
configure:6154: $? = 127
configure:6162: checking whether we are using the GNU Fortran 77 compiler
configure:6181:  -c  conftest.F >&5
./configure: line 6182: -c: command not found
configure:6187: $? = 127
configure: failed program was:
|       program main
| #ifndef __GNUC__
|        choke me
| #endif
| 
|       end
configure:6204: result: no
configure:6210: checking whether  accepts -g
configure:6227:  -c -g conftest.f >&5
./configure: line 6228: -c: command not found
configure:6233: $? = 127
configure: failed program was:
|       program main
| 
|       end
configure:6249: result: no
configure:6278: checking the maximum length of command line arguments
configure:6390: result: 98304
configure:6402: checking command to parse /usr/bin/nm -B output from gcc object
configure:6507: gcc -c -g -O2  conftest.c >&5
configure:6510: $? = 0
configure:6514: /usr/bin/nm -B conftest.o \| sed -n -e 's/^.*[ 	]\([ABCDGIRSTW][ABCDGIRSTW]*\)[ 	][ 	]*\([_A-Za-z][_A-Za-z0-9]*\)$/\1 \2 \2/p' \> conftest.nm
configure:6517: $? = 0
configure:6569: gcc -o conftest -g -O2   conftest.c conftstm.o >&5
configure:6572: $? = 0
configure:6610: result: ok
configure:6614: checking for objdir
configure:6629: result: .libs
configure:6721: checking for ar
configure:6737: found /usr/bin/ar
configure:6748: result: ar
configure:6817: checking for ranlib
configure:6833: found /usr/bin/ranlib
configure:6844: result: ranlib
configure:6913: checking for strip
configure:6929: found /usr/bin/strip
configure:6940: result: strip
configure:7538: checking if gcc supports -fno-rtti -fno-exceptions
configure:7556: gcc -c -g -O2  -fno-rtti -fno-exceptions conftest.c >&5
cc1: warning: command line option "-fno-rtti" is valid for C++/ObjC++ but not for C
configure:7560: $? = 0
configure:7573: result: no
configure:7588: checking for gcc option to produce PIC
configure:7820: result: -fPIC
configure:7828: checking if gcc PIC flag -fPIC works
configure:7846: gcc -c -g -O2  -fPIC -DPIC conftest.c >&5
configure:7850: $? = 0
configure:7863: result: yes
configure:7891: checking if gcc static flag -static works
configure:7919: result: yes
configure:7929: checking if gcc supports -c -o file.o
configure:7950: gcc -c -g -O2  -o out/conftest2.o conftest.c >&5
configure:7954: $? = 0
configure:7976: result: yes
configure:8002: checking whether the gcc linker (/usr/bin/ld) supports shared libraries
configure:8982: result: yes
configure:9003: checking whether -lc should be explicitly linked in
configure:9008: gcc -c -g -O2  conftest.c >&5
configure:9011: $? = 0
configure:9026: gcc -shared conftest.o  -v -Wl,-soname -Wl,conftest -o conftest 2\>\&1 \| grep  -lc  \>/dev/null 2\>\&1
configure:9029: $? = 0
configure:9041: result: no
configure:9049: checking dynamic linker characteristics
configure:9653: result: GNU/Linux ld.so
configure:9677: checking how to hardcode library paths into programs
configure:9702: result: immediate
configure:9716: checking whether stripping libraries is possible
configure:9721: result: yes
configure:10523: checking if libtool supports shared libraries
configure:10525: result: yes
configure:10528: checking whether to build shared libraries
configure:10549: result: yes
configure:10552: checking whether to build static libraries
configure:10556: result: no
configure:10650: creating libtool
configure:11243: checking for ld used by g++
configure:11310: result: /usr/bin/ld
configure:11319: checking if the linker (/usr/bin/ld) is GNU ld
configure:11334: result: yes
configure:11385: checking whether the g++ linker (/usr/bin/ld) supports shared libraries
configure:12331: result: yes
configure:12348: g++ -c -g -O2  conftest.cpp >&5
configure:12351: $? = 0
configure:12507: checking for g++ option to produce PIC
configure:12791: result: -fPIC
configure:12799: checking if g++ PIC flag -fPIC works
configure:12817: g++ -c -g -O2  -fPIC -DPIC conftest.cpp >&5
configure:12821: $? = 0
configure:12834: result: yes
configure:12862: checking if g++ static flag -static works
configure:12890: result: yes
configure:12900: checking if g++ supports -c -o file.o
configure:12921: g++ -c -g -O2  -o out/conftest2.o conftest.cpp >&5
configure:12925: $? = 0
configure:12947: result: yes
configure:12973: checking whether the g++ linker (/usr/bin/ld) supports shared libraries
configure:12999: result: yes
configure:13066: checking dynamic linker characteristics
configure:13618: result: GNU/Linux ld.so
configure:13642: checking how to hardcode library paths into programs
configure:13667: result: immediate
configure:19893: checking whether NLS is requested
configure:19902: result: yes
configure:19936: checking for intltool-update
configure:19954: found /usr/bin/intltool-update
configure:19966: result: /usr/bin/intltool-update
configure:19976: checking for intltool-merge
configure:19994: found /usr/bin/intltool-merge
configure:20006: result: /usr/bin/intltool-merge
configure:20016: checking for intltool-extract
configure:20034: found /usr/bin/intltool-extract
configure:20046: result: /usr/bin/intltool-extract
configure:20103: checking for xgettext
configure:20121: found /usr/bin/xgettext
configure:20133: result: /usr/bin/xgettext
configure:20143: checking for msgmerge
configure:20161: found /usr/bin/msgmerge
configure:20173: result: /usr/bin/msgmerge
configure:20183: checking for msgfmt
configure:20201: found /usr/bin/msgfmt
configure:20213: result: /usr/bin/msgfmt
configure:20223: checking for gmsgfmt
configure:20254: result: /usr/bin/msgfmt
configure:20278: checking for perl
configure:20296: found /usr/bin/perl
configure:20308: result: /usr/bin/perl
configure:20367: gcc -o conftest -g -O2   conftest.c  >&5
configure:20373: $? = 0
configure:20542: checking for pkg-config
configure:20560: found /usr/bin/pkg-config
configure:20572: result: /usr/bin/pkg-config
configure:20601: checking pkg-config is at least version 0.9.0
configure:20604: result: yes
configure:20615: checking for PACKAGE
configure:20622: $PKG_CONFIG --exists --print-errors "$pkg_modules"
configure:20625: $? = 0
configure:20638: $PKG_CONFIG --exists --print-errors "$pkg_modules"
configure:20641: $? = 0
configure:20716: result: yes
configure:20726: checking for MENU_CACHE
configure:20733: $PKG_CONFIG --exists --print-errors "$pkg_modules"
Package libmenu-cache was not found in the pkg-config search path.
Perhaps you should add the directory containing `libmenu-cache.pc'
to the PKG_CONFIG_PATH environment variable
No package 'libmenu-cache' found
configure:20736: $? = 1
configure:20749: $PKG_CONFIG --exists --print-errors "$pkg_modules"
Package libmenu-cache was not found in the pkg-config search path.
Perhaps you should add the directory containing `libmenu-cache.pc'
to the PKG_CONFIG_PATH environment variable
No package 'libmenu-cache' found
configure:20752: $? = 1
No package 'libmenu-cache' found
configure:20779: result: no
configure:20792: WARNING: No libmenu-cache found.  All menu related routines are not built.
configure:20839: checking whether /usr/bin/ld accepts --as-needed
configure:20844: result: yes
configure:20853: checking whether /usr/bin/ld accepts -O1
configure:20858: result: yes
configure:20866: checking whether /usr/bin/ld accepts -Bsymbolic-functions
configure:20871: result: yes
configure:20879: checking whether /usr/bin/ld accepts --sort-common
configure:20884: result: yes
configure:20929: checking alsa/asoundlib.h usability
configure:20946: gcc -c -g -O2  conftest.c >&5
conftest.c:55:28: error: alsa/asoundlib.h: No such file or directory
configure:20952: $? = 1
configure: failed program was:
| /* confdefs.h.  */
| #define PACKAGE_NAME "lxpanel"
| #define PACKAGE_TARNAME "lxpanel"
| #define PACKAGE_VERSION "0.4.1"
| #define PACKAGE_STRING "lxpanel 0.4.1"
| #define PACKAGE_BUGREPORT "http://lxde.org/"
| #define PACKAGE "lxpanel"
| #define VERSION "0.4.1"
| #define STDC_HEADERS 1
| #define HAVE_SYS_TYPES_H 1
| #define HAVE_SYS_STAT_H 1
| #define HAVE_STDLIB_H 1
| #define HAVE_STRING_H 1
| #define HAVE_MEMORY_H 1
| #define HAVE_STRINGS_H 1
| #define HAVE_INTTYPES_H 1
| #define HAVE_STDINT_H 1
| #define HAVE_UNISTD_H 1
| #define HAVE_DLFCN_H 1
| #define DISABLE_MENU 1
| /* end confdefs.h.  */
| #include <stdio.h>
| #ifdef HAVE_SYS_TYPES_H
| # include <sys/types.h>
| #endif
| #ifdef HAVE_SYS_STAT_H
| # include <sys/stat.h>
| #endif
| #ifdef STDC_HEADERS
| # include <stdlib.h>
| # include <stddef.h>
| #else
| # ifdef HAVE_STDLIB_H
| #  include <stdlib.h>
| # endif
| #endif
| #ifdef HAVE_STRING_H
| # if !defined STDC_HEADERS && defined HAVE_MEMORY_H
| #  include <memory.h>
| # endif
| # include <string.h>
| #endif
| #ifdef HAVE_STRINGS_H
| # include <strings.h>
| #endif
| #ifdef HAVE_INTTYPES_H
| # include <inttypes.h>
| #endif
| #ifdef HAVE_STDINT_H
| # include <stdint.h>
| #endif
| #ifdef HAVE_UNISTD_H
| # include <unistd.h>
| #endif
| #include <alsa/asoundlib.h>
configure:20966: result: no
configure:20970: checking alsa/asoundlib.h presence
configure:20985: gcc -E  conftest.c
conftest.c:22:28: error: alsa/asoundlib.h: No such file or directory
configure:20991: $? = 1
configure: failed program was:
| /* confdefs.h.  */
| #define PACKAGE_NAME "lxpanel"
| #define PACKAGE_TARNAME "lxpanel"
| #define PACKAGE_VERSION "0.4.1"
| #define PACKAGE_STRING "lxpanel 0.4.1"
| #define PACKAGE_BUGREPORT "http://lxde.org/"
| #define PACKAGE "lxpanel"
| #define VERSION "0.4.1"
| #define STDC_HEADERS 1
| #define HAVE_SYS_TYPES_H 1
| #define HAVE_SYS_STAT_H 1
| #define HAVE_STDLIB_H 1
| #define HAVE_STRING_H 1
| #define HAVE_MEMORY_H 1
| #define HAVE_STRINGS_H 1
| #define HAVE_INTTYPES_H 1
| #define HAVE_STDINT_H 1
| #define HAVE_UNISTD_H 1
| #define HAVE_DLFCN_H 1
| #define DISABLE_MENU 1
| /* end confdefs.h.  */
| #include <alsa/asoundlib.h>
configure:21005: result: no
configure:21038: checking for alsa/asoundlib.h
configure:21046: result: no
configure:21413: checking which plugins should be built dynamically
configure:21448: result: all
configure:21499: result: no ALSA headers/libraries found!
configure:21529: checking for X
configure:21699: gcc -o conftest -g -O2   -Wl,--as-needed -Wl,-O1 -Wl,-Bsymbolic-functions -Wl,--sort-common conftest.c -lX11  >&5
configure:21705: $? = 0
configure:21764: result: libraries , headers 
configure:21768: checking for ANSI C header files
configure:21932: result: yes
configure:21942: checking for sys/wait.h that is POSIX.1 compatible
configure:21978: gcc -c -g -O2  conftest.c >&5
configure:21984: $? = 0
configure:21999: result: yes
configure:22028: checking locale.h usability
configure:22045: gcc -c -g -O2  conftest.c >&5
configure:22051: $? = 0
configure:22065: result: yes
configure:22069: checking locale.h presence
configure:22084: gcc -E  conftest.c
configure:22090: $? = 0
configure:22104: result: yes
configure:22137: checking for locale.h
configure:22145: result: yes
configure:22018: checking for stdlib.h
configure:22024: result: yes
configure:22018: checking for string.h
configure:22024: result: yes
configure:22028: checking sys/time.h usability
configure:22045: gcc -c -g -O2  conftest.c >&5
configure:22051: $? = 0
configure:22065: result: yes
configure:22069: checking sys/time.h presence
configure:22084: gcc -E  conftest.c
configure:22090: $? = 0
configure:22104: result: yes
configure:22137: checking for sys/time.h
configure:22145: result: yes
configure:22018: checking for unistd.h
configure:22024: result: yes
configure:22160: checking for an ANSI C-conforming const
configure:22235: gcc -c -g -O2  conftest.c >&5
configure:22241: $? = 0
configure:22256: result: yes
configure:22266: checking for inline
configure:22292: gcc -c -g -O2  conftest.c >&5
configure:22298: $? = 0
configure:22316: result: inline
configure:22335: checking whether struct tm is in sys/time.h or time.h
configure:22365: gcc -c -g -O2  conftest.c >&5
configure:22371: $? = 0
configure:22386: result: time.h
configure:22403: checking for stdlib.h
configure:22409: result: yes
configure:22543: checking for GNU libc compatible malloc
configure:22577: gcc -o conftest -g -O2   -Wl,--as-needed -Wl,-O1 -Wl,-Bsymbolic-functions -Wl,--sort-common conftest.c  >&5
configure:22580: $? = 0
configure:22586: ./conftest
configure:22589: $? = 0
configure:22605: result: yes
configure:22633: checking for working memcmp
configure:22686: gcc -o conftest -g -O2   -Wl,--as-needed -Wl,-O1 -Wl,-Bsymbolic-functions -Wl,--sort-common conftest.c  >&5
configure:22689: $? = 0
configure:22695: ./conftest
configure:22698: $? = 0
configure:22714: result: yes
configure:22723: checking return type of signal handlers
configure:22751: gcc -c -g -O2  conftest.c >&5
conftest.c: In function 'main':
conftest.c:37: error: void value not ignored as it ought to be
configure:22757: $? = 1
configure: failed program was:
| /* confdefs.h.  */
| #define PACKAGE_NAME "lxpanel"
| #define PACKAGE_TARNAME "lxpanel"
| #define PACKAGE_VERSION "0.4.1"
| #define PACKAGE_STRING "lxpanel 0.4.1"
| #define PACKAGE_BUGREPORT "http://lxde.org/"
| #define PACKAGE "lxpanel"
| #define VERSION "0.4.1"
| #define STDC_HEADERS 1
| #define HAVE_SYS_TYPES_H 1
| #define HAVE_SYS_STAT_H 1
| #define HAVE_STDLIB_H 1
| #define HAVE_STRING_H 1
| #define HAVE_MEMORY_H 1
| #define HAVE_STRINGS_H 1
| #define HAVE_INTTYPES_H 1
| #define HAVE_STDINT_H 1
| #define HAVE_UNISTD_H 1
| #define HAVE_DLFCN_H 1
| #define DISABLE_MENU 1
| #define STDC_HEADERS 1
| #define HAVE_SYS_WAIT_H 1
| #define HAVE_LOCALE_H 1
| #define HAVE_STDLIB_H 1
| #define HAVE_STRING_H 1
| #define HAVE_SYS_TIME_H 1
| #define HAVE_UNISTD_H 1
| #define HAVE_STDLIB_H 1
| #define HAVE_MALLOC 1
| /* end confdefs.h.  */
| #include <sys/types.h>
| #include <signal.h>
| 
| int
| main ()
| {
| return *(signal (0, 0)) (0) == 1;
|   ;
|   return 0;
| }
configure:22772: result: void
configure:22780: checking whether lstat dereferences a symlink specified with a trailing slash
configure:22816: gcc -o conftest -g -O2   -Wl,--as-needed -Wl,-O1 -Wl,-Bsymbolic-functions -Wl,--sort-common conftest.c  >&5
configure:22819: $? = 0
configure:22825: ./conftest
configure:22828: $? = 0
configure:22851: result: yes
configure:22870: checking whether stat accepts an empty string
configure:22900: gcc -o conftest -g -O2   -Wl,--as-needed -Wl,-O1 -Wl,-Bsymbolic-functions -Wl,--sort-common conftest.c  >&5
configure:22903: $? = 0
configure:22909: ./conftest
configure:22912: $? = 0
configure:22928: result: no
configure:22948: checking for strftime
configure:23004: gcc -o conftest -g -O2   -Wl,--as-needed -Wl,-O1 -Wl,-Bsymbolic-functions -Wl,--sort-common conftest.c  >&5
conftest.c:56: warning: conflicting types for built-in function 'strftime'
configure:23010: $? = 0
configure:23028: result: yes
configure:23117: checking for bzero
configure:23173: gcc -o conftest -g -O2   -Wl,--as-needed -Wl,-O1 -Wl,-Bsymbolic-functions -Wl,--sort-common conftest.c  >&5
conftest.c:57: warning: conflicting types for built-in function 'bzero'
configure:23179: $? = 0
configure:23197: result: yes
configure:23117: checking for memset
configure:23173: gcc -o conftest -g -O2   -Wl,--as-needed -Wl,-O1 -Wl,-Bsymbolic-functions -Wl,--sort-common conftest.c  >&5
conftest.c:58: warning: conflicting types for built-in function 'memset'
configure:23179: $? = 0
configure:23197: result: yes
configure:23117: checking for mkdir
configure:23173: gcc -o conftest -g -O2   -Wl,--as-needed -Wl,-O1 -Wl,-Bsymbolic-functions -Wl,--sort-common conftest.c  >&5
configure:23179: $? = 0
configure:23197: result: yes
configure:23117: checking for setlocale
configure:23173: gcc -o conftest -g -O2   -Wl,--as-needed -Wl,-O1 -Wl,-Bsymbolic-functions -Wl,--sort-common conftest.c  >&5
configure:23179: $? = 0
configure:23197: result: yes
configure:23117: checking for strchr
configure:23173: gcc -o conftest -g -O2   -Wl,--as-needed -Wl,-O1 -Wl,-Bsymbolic-functions -Wl,--sort-common conftest.c  >&5
conftest.c:61: warning: conflicting types for built-in function 'strchr'
configure:23179: $? = 0
configure:23197: result: yes
configure:23226: checking for locale.h
configure:23232: result: yes
configure:23367: checking for LC_MESSAGES
configure:23393: gcc -o conftest -g -O2   -Wl,--as-needed -Wl,-O1 -Wl,-Bsymbolic-functions -Wl,--sort-common conftest.c  >&5
configure:23399: $? = 0
configure:23416: result: yes
configure:23445: checking libintl.h usability
configure:23462: gcc -c -g -O2  conftest.c >&5
configure:23468: $? = 0
configure:23482: result: yes
configure:23486: checking libintl.h presence
configure:23501: gcc -E  conftest.c
configure:23507: $? = 0
configure:23521: result: yes
configure:23554: checking for libintl.h
configure:23561: result: yes
configure:23572: checking for ngettext in libc
configure:23600: gcc -o conftest -g -O2   -Wl,--as-needed -Wl,-O1 -Wl,-Bsymbolic-functions -Wl,--sort-common conftest.c  >&5
configure:23606: $? = 0
configure:23624: result: yes
configure:23628: checking for dgettext in libc
configure:23656: gcc -o conftest -g -O2   -Wl,--as-needed -Wl,-O1 -Wl,-Bsymbolic-functions -Wl,--sort-common conftest.c  >&5
configure:23662: $? = 0
configure:23680: result: yes
configure:23689: checking for bind_textdomain_codeset
configure:23745: gcc -o conftest -g -O2   -Wl,--as-needed -Wl,-O1 -Wl,-Bsymbolic-functions -Wl,--sort-common conftest.c  >&5
configure:23751: $? = 0
configure:23769: result: yes
configure:24256: checking for msgfmt
configure:24283: result: /usr/bin/msgfmt
configure:24296: checking for dcgettext
configure:24352: gcc -o conftest -g -O2   -Wl,--as-needed -Wl,-O1 -Wl,-Bsymbolic-functions -Wl,--sort-common conftest.c   >&5
conftest.c:67: warning: conflicting types for built-in function 'dcgettext'
configure:24358: $? = 0
configure:24376: result: yes
configure:24387: checking if msgfmt accepts -c
configure:24402: $MSGFMT -c -o /dev/null conftest.foo
configure:24405: $? = 0
configure:24407: result: yes
configure:24417: checking for gmsgfmt
configure:24448: result: /usr/bin/msgfmt
configure:24458: checking for xgettext
configure:24485: result: /usr/bin/xgettext
configure:24514: gcc -o conftest -g -O2   -Wl,--as-needed -Wl,-O1 -Wl,-Bsymbolic-functions -Wl,--sort-common conftest.c   >&5
configure:24520: $? = 0
configure:24689: checking for catalogs to be installed
configure:24714: result:  ar cs da de es et eu fa fi fr gl hu hr id it ja ko lt ml nb nl nn pl ps pt pt_BR ru sk sl sv tr uk vi zh_CN zh_TW
configure:24909: creating ./config.status

## ---------------------- ##
## Running config.status. ##
## ---------------------- ##

This file was extended by lxpanel config.status 0.4.1, which was
generated by GNU Autoconf 2.61.  Invocation command line was

  CONFIG_FILES    = 
  CONFIG_HEADERS  = 
  CONFIG_LINKS    = 
  CONFIG_COMMANDS = 
  $ ./config.status 

on quietheart-desktop

config.status:746: creating lxpanel.pc
config.status:886: WARNING:  lxpanel.pc.in seems to ignore the --datarootdir setting
config.status:746: creating Makefile
config.status:746: creating src/Makefile
config.status:746: creating src/plugins/Makefile
config.status:746: creating src/plugins/netstatus/Makefile
config.status:746: creating src/plugins/netstat/Makefile
config.status:746: creating src/plugins/volume/Makefile
config.status:746: creating src/plugins/volumealsa/Makefile
config.status:746: creating src/plugins/cpu/Makefile
config.status:746: creating src/plugins/deskno/Makefile
config.status:746: creating src/plugins/batt/Makefile
config.status:746: creating src/plugins/kbled/Makefile
config.status:746: creating src/plugins/xkb/Makefile
config.status:746: creating src/plugins/thermal/Makefile
config.status:746: creating po/Makefile.in
config.status:746: creating data/Makefile
config.status:746: creating data/default/panels/panel
config.status:746: creating man/Makefile
config.status:746: creating config.h
config.status:998: config.h is unchanged
config.status:1045: executing depfiles commands
config.status:1045: executing default-1 commands
config.status:1045: executing po/stamp-it commands
configure:26300: result:     netstatus - Monitor networking status
configure:26308: result:     volume - Display and adjust volume of sound card
configure:26316: result:     cpu - Display CPU loading
configure:26320: result:     deskno - Display desktop number
configure:26324: result:     batt - Monitor battery status
configure:26328: result:     kbled - Indicator for CapsLock, NumLock, and ScrLock
configure:26336: result:     thermal - Temperature monitor

## ---------------- ##
## Cache variables. ##
## ---------------- ##

ac_cv_build=i686-pc-linux-gnu
ac_cv_c_compiler_gnu=yes
ac_cv_c_const=yes
ac_cv_c_inline=inline
ac_cv_cxx_compiler_gnu=yes
ac_cv_env_CCC_set=
ac_cv_env_CCC_value=
ac_cv_env_CC_set=
ac_cv_env_CC_value=
ac_cv_env_CFLAGS_set=
ac_cv_env_CFLAGS_value=
ac_cv_env_CPPFLAGS_set=
ac_cv_env_CPPFLAGS_value=
ac_cv_env_CPP_set=
ac_cv_env_CPP_value=
ac_cv_env_CXXCPP_set=
ac_cv_env_CXXCPP_value=
ac_cv_env_CXXFLAGS_set=
ac_cv_env_CXXFLAGS_value=
ac_cv_env_CXX_set=
ac_cv_env_CXX_value=
ac_cv_env_F77_set=
ac_cv_env_F77_value=
ac_cv_env_FFLAGS_set=
ac_cv_env_FFLAGS_value=
ac_cv_env_LDFLAGS_set=
ac_cv_env_LDFLAGS_value=
ac_cv_env_LIBS_set=
ac_cv_env_LIBS_value=
ac_cv_env_MENU_CACHE_CFLAGS_set=
ac_cv_env_MENU_CACHE_CFLAGS_value=
ac_cv_env_MENU_CACHE_LIBS_set=
ac_cv_env_MENU_CACHE_LIBS_value=
ac_cv_env_PACKAGE_CFLAGS_set=
ac_cv_env_PACKAGE_CFLAGS_value=
ac_cv_env_PACKAGE_LIBS_set=
ac_cv_env_PACKAGE_LIBS_value=
ac_cv_env_PKG_CONFIG_set=
ac_cv_env_PKG_CONFIG_value=
ac_cv_env_XMKMF_set=
ac_cv_env_XMKMF_value=
ac_cv_env_build_alias_set=
ac_cv_env_build_alias_value=
ac_cv_env_host_alias_set=
ac_cv_env_host_alias_value=
ac_cv_env_target_alias_set=
ac_cv_env_target_alias_value=
ac_cv_f77_compiler_gnu=no
ac_cv_func_bind_textdomain_codeset=yes
ac_cv_func_bzero=yes
ac_cv_func_dcgettext=yes
ac_cv_func_lstat_dereferences_slashed_symlink=yes
ac_cv_func_malloc_0_nonnull=yes
ac_cv_func_memcmp_working=yes
ac_cv_func_memset=yes
ac_cv_func_mkdir=yes
ac_cv_func_setlocale=yes
ac_cv_func_stat_empty_string_bug=no
ac_cv_func_strchr=yes
ac_cv_func_strftime=yes
ac_cv_have_x='have_x=yes	ac_x_includes='\'''\''	ac_x_libraries='\'''\'''
ac_cv_header_alsa_asoundlib_h=no
ac_cv_header_dlfcn_h=yes
ac_cv_header_inttypes_h=yes
ac_cv_header_libintl_h=yes
ac_cv_header_locale_h=yes
ac_cv_header_memory_h=yes
ac_cv_header_stdc=yes
ac_cv_header_stdint_h=yes
ac_cv_header_stdlib_h=yes
ac_cv_header_string_h=yes
ac_cv_header_strings_h=yes
ac_cv_header_sys_stat_h=yes
ac_cv_header_sys_time_h=yes
ac_cv_header_sys_types_h=yes
ac_cv_header_sys_wait_h=yes
ac_cv_header_unistd_h=yes
ac_cv_host=i686-pc-linux-gnu
ac_cv_objext=o
ac_cv_path_EGREP='/bin/grep -E'
ac_cv_path_GMSGFMT=/usr/bin/msgfmt
ac_cv_path_GREP=/bin/grep
ac_cv_path_INTLTOOL_EXTRACT=/usr/bin/intltool-extract
ac_cv_path_INTLTOOL_MERGE=/usr/bin/intltool-merge
ac_cv_path_INTLTOOL_PERL=/usr/bin/perl
ac_cv_path_INTLTOOL_UPDATE=/usr/bin/intltool-update
ac_cv_path_MSGFMT=/usr/bin/msgfmt
ac_cv_path_MSGMERGE=/usr/bin/msgmerge
ac_cv_path_XGETTEXT=/usr/bin/xgettext
ac_cv_path_ac_pt_PKG_CONFIG=/usr/bin/pkg-config
ac_cv_path_install='/usr/bin/install -c'
ac_cv_path_mkdir=/bin/mkdir
ac_cv_prog_AWK=mawk
ac_cv_prog_CPP='gcc -E'
ac_cv_prog_CXXCPP='g++ -E'
ac_cv_prog_ac_ct_AR=ar
ac_cv_prog_ac_ct_CC=gcc
ac_cv_prog_ac_ct_CXX=g++
ac_cv_prog_ac_ct_RANLIB=ranlib
ac_cv_prog_ac_ct_STRIP=strip
ac_cv_prog_cc_c89=
ac_cv_prog_cc_g=yes
ac_cv_prog_cxx_g=yes
ac_cv_prog_f77_g=no
ac_cv_prog_make_make_set=yes
ac_cv_struct_tm=time.h
ac_cv_type_signal=void
am_cv_CC_dependencies_compiler_type=gcc3
am_cv_CXX_dependencies_compiler_type=gcc3
am_cv_val_LC_MESSAGES=yes
gt_cv_func_dgettext_libc=yes
gt_cv_func_dgettext_libintl=no
gt_cv_func_ngettext_libc=yes
gt_cv_have_gettext=yes
lt_cv_deplibs_check_method=pass_all
lt_cv_file_magic_cmd='$MAGIC_CMD'
lt_cv_file_magic_test_file=
lt_cv_ld_reload_flag=-r
lt_cv_objdir=.libs
lt_cv_path_LD=/usr/bin/ld
lt_cv_path_LDCXX=/usr/bin/ld
lt_cv_path_NM='/usr/bin/nm -B'
lt_cv_path_SED=/bin/sed
lt_cv_prog_compiler_c_o=yes
lt_cv_prog_compiler_c_o_CXX=yes
lt_cv_prog_compiler_pic_works=yes
lt_cv_prog_compiler_pic_works_CXX=yes
lt_cv_prog_compiler_rtti_exceptions=no
lt_cv_prog_compiler_static_works=yes
lt_cv_prog_compiler_static_works_CXX=yes
lt_cv_prog_gnu_ld=yes
lt_cv_prog_gnu_ldcxx=yes
lt_cv_sys_global_symbol_pipe='sed -n -e '\''s/^.*[ 	]\([ABCDGIRSTW][ABCDGIRSTW]*\)[ 	][ 	]*\([_A-Za-z][_A-Za-z0-9]*\)$/\1 \2 \2/p'\'''
lt_cv_sys_global_symbol_to_c_name_address='sed -n -e '\''s/^: \([^ ]*\) $/  {\"\1\", (lt_ptr) 0},/p'\'' -e '\''s/^[BCDEGRST] \([^ ]*\) \([^ ]*\)$/  {"\2", (lt_ptr) \&\2},/p'\'''
lt_cv_sys_global_symbol_to_cdecl='sed -n -e '\''s/^. .* \(.*\)$/extern int \1;/p'\'''
lt_cv_sys_lib_dlsearch_path_spec='/usr/lib /lib /lib/i486-linux-gnu /usr/lib/i486-linux-gnu /usr/local/lib '
lt_cv_sys_lib_search_path_spec='/usr/lib /lib /usr/local/lib'
lt_cv_sys_max_cmd_len=98304
lt_lt_cv_prog_compiler_c_o='"yes"'
lt_lt_cv_prog_compiler_c_o_CXX='"yes"'
lt_lt_cv_sys_global_symbol_pipe='"sed -n -e '\''s/^.*[ 	]\\([ABCDGIRSTW][ABCDGIRSTW]*\\)[ 	][ 	]*\\([_A-Za-z][_A-Za-z0-9]*\\)\$/\\1 \\2 \\2/p'\''"'
lt_lt_cv_sys_global_symbol_to_c_name_address='"sed -n -e '\''s/^: \\([^ ]*\\) \$/  {\\\"\\1\\\", (lt_ptr) 0},/p'\'' -e '\''s/^[BCDEGRST] \\([^ ]*\\) \\([^ ]*\\)\$/  {\"\\2\", (lt_ptr) \\&\\2},/p'\''"'
lt_lt_cv_sys_global_symbol_to_cdecl='"sed -n -e '\''s/^. .* \\(.*\\)\$/extern int \\1;/p'\''"'
pkg_cv_PACKAGE_CFLAGS='-pthread -I/usr/include/gtk-2.0 -I/usr/lib/gtk-2.0/include -I/usr/include/atk-1.0 -I/usr/include/cairo -I/usr/include/pango-1.0 -I/usr/include/glib-2.0 -I/usr/lib/glib-2.0/include -I/usr/include/freetype2 -I/usr/include/libpng12 -I/usr/include/pixman-1  '
pkg_cv_PACKAGE_LIBS='-pthread -lgtk-x11-2.0 -lgdk-x11-2.0 -latk-1.0 -lgdk_pixbuf-2.0 -lm -lpangocairo-1.0 -lpango-1.0 -lcairo -lgobject-2.0 -lgmodule-2.0 -ldl -lgthread-2.0 -lrt -lglib-2.0  '

## ----------------- ##
## Output variables. ##
## ----------------- ##

ACLOCAL='${SHELL} /home/quietheart/桌面/lxpanel/lxpanel-0.4.1/missing --run aclocal-1.10'
ALL_LINGUAS='ar cs da de es et eu fa fi fr gl hu hr id it ja ko lt ml nb nl nn pl ps pt pt_BR ru sk sl sv tr uk vi zh_CN zh_TW'
ALL_PLUGINS_LIST='netstatus netstat volume volumealsa cpu deskno batt kbled xkb thermal'
AMDEPBACKSLASH='\'
AMDEP_FALSE='#'
AMDEP_TRUE=''
AMTAR='${SHELL} /home/quietheart/桌面/lxpanel/lxpanel-0.4.1/missing --run tar'
AR='ar'
AUTOCONF='${SHELL} /home/quietheart/桌面/lxpanel/lxpanel-0.4.1/missing --run autoconf'
AUTOHEADER='${SHELL} /home/quietheart/桌面/lxpanel/lxpanel-0.4.1/missing --run autoheader'
AUTOMAKE='${SHELL} /home/quietheart/桌面/lxpanel/lxpanel-0.4.1/missing --run automake-1.10'
AWK='mawk'
BUILD_ALSA_PLUGINS_FALSE=''
BUILD_ALSA_PLUGINS_TRUE='#'
BUILD_LIBIW_PLUGINS_FALSE=''
BUILD_LIBIW_PLUGINS_TRUE='#'
BUILD_OSS_PLUGINS_FALSE='#'
BUILD_OSS_PLUGINS_TRUE=''
BUILD_PLUGIN_LOADER_FALSE='#'
BUILD_PLUGIN_LOADER_TRUE=''
CATALOGS=' ar.gmo cs.gmo da.gmo de.gmo es.gmo et.gmo eu.gmo fa.gmo fi.gmo fr.gmo gl.gmo hu.gmo hr.gmo id.gmo it.gmo ja.gmo ko.gmo lt.gmo ml.gmo nb.gmo nl.gmo nn.gmo pl.gmo ps.gmo pt.gmo pt_BR.gmo ru.gmo sk.gmo sl.gmo sv.gmo tr.gmo uk.gmo vi.gmo zh_CN.gmo zh_TW.gmo'
CATOBJEXT='.gmo'
CC='gcc'
CCDEPMODE='depmode=gcc3'
CFLAGS='-g -O2'
CPP='gcc -E'
CPPFLAGS=''
CXX='g++'
CXXCPP='g++ -E'
CXXDEPMODE='depmode=gcc3'
CXXFLAGS='-g -O2'
CYGPATH_W='echo'
DATADIRNAME='share'
DEFS='-DHAVE_CONFIG_H'
DEPDIR='.deps'
DSYMUTIL=''
ECHO='echo'
ECHO_C=''
ECHO_N='-n'
ECHO_T=''
EGREP='/bin/grep -E'
ENABLE_MENU_CACHE_FALSE=''
ENABLE_MENU_CACHE_TRUE='#'
EXEEXT=''
F77=''
FFLAGS=''
GETTEXT_PACKAGE='lxpanel'
GMOFILES=' ar.gmo cs.gmo da.gmo de.gmo es.gmo et.gmo eu.gmo fa.gmo fi.gmo fr.gmo gl.gmo hu.gmo hr.gmo id.gmo it.gmo ja.gmo ko.gmo lt.gmo ml.gmo nb.gmo nl.gmo nn.gmo pl.gmo ps.gmo pt.gmo pt_BR.gmo ru.gmo sk.gmo sl.gmo sv.gmo tr.gmo uk.gmo vi.gmo zh_CN.gmo zh_TW.gmo'
GMSGFMT='/usr/bin/msgfmt'
GREP='/bin/grep'
G_CAST_CHECKS='-DG_DISABLE_CAST_CHECKS'
INSTALL_DATA='${INSTALL} -m 644'
INSTALL_PROGRAM='${INSTALL}'
INSTALL_SCRIPT='${INSTALL}'
INSTALL_STRIP_PROGRAM='$(install_sh) -c -s'
INSTOBJEXT='.mo'
INTLLIBS=''
INTLTOOL_CAVES_RULE='%.caves:     %.caves.in     $(INTLTOOL_MERGE) $(wildcard $(top_srcdir)/po/*.po) ; LC_ALL=C $(INTLTOOL_MERGE) -d -u -c $(top_builddir)/po/.intltool-merge-cache $(top_srcdir)/po $< $@'
INTLTOOL_DESKTOP_RULE='%.desktop:   %.desktop.in   $(INTLTOOL_MERGE) $(wildcard $(top_srcdir)/po/*.po) ; LC_ALL=C $(INTLTOOL_MERGE) -d -u -c $(top_builddir)/po/.intltool-merge-cache $(top_srcdir)/po $< $@'
INTLTOOL_DIRECTORY_RULE='%.directory: %.directory.in $(INTLTOOL_MERGE) $(wildcard $(top_srcdir)/po/*.po) ; LC_ALL=C $(INTLTOOL_MERGE) -d -u -c $(top_builddir)/po/.intltool-merge-cache $(top_srcdir)/po $< $@'
INTLTOOL_EXTRACT='/usr/bin/intltool-extract'
INTLTOOL_KBD_RULE='%.kbd:       %.kbd.in       $(INTLTOOL_MERGE) $(wildcard $(top_srcdir)/po/*.po) ; LC_ALL=C $(INTLTOOL_MERGE) -x -u -m -c $(top_builddir)/po/.intltool-merge-cache $(top_srcdir)/po $< $@'
INTLTOOL_KEYS_RULE='%.keys:      %.keys.in      $(INTLTOOL_MERGE) $(wildcard $(top_srcdir)/po/*.po) ; LC_ALL=C $(INTLTOOL_MERGE) -k -u -c $(top_builddir)/po/.intltool-merge-cache $(top_srcdir)/po $< $@'
INTLTOOL_MERGE='/usr/bin/intltool-merge'
INTLTOOL_OAF_RULE='%.oaf:       %.oaf.in       $(INTLTOOL_MERGE) $(wildcard $(top_srcdir)/po/*.po) ; LC_ALL=C $(INTLTOOL_MERGE) -o -p $(top_srcdir)/po $< $@'
INTLTOOL_PERL='/usr/bin/perl'
INTLTOOL_POLICY_RULE='%.policy:    %.policy.in    $(INTLTOOL_MERGE) $(wildcard $(top_srcdir)/po/*.po) ; LC_ALL=C $(INTLTOOL_MERGE) -x -u -c $(top_builddir)/po/.intltool-merge-cache $(top_srcdir)/po $< $@'
INTLTOOL_PONG_RULE='%.pong:      %.pong.in      $(INTLTOOL_MERGE) $(wildcard $(top_srcdir)/po/*.po) ; LC_ALL=C $(INTLTOOL_MERGE) -x -u -c $(top_builddir)/po/.intltool-merge-cache $(top_srcdir)/po $< $@'
INTLTOOL_PROP_RULE='%.prop:      %.prop.in      $(INTLTOOL_MERGE) $(wildcard $(top_srcdir)/po/*.po) ; LC_ALL=C $(INTLTOOL_MERGE) -d -u -c $(top_builddir)/po/.intltool-merge-cache $(top_srcdir)/po $< $@'
INTLTOOL_SCHEMAS_RULE='%.schemas:   %.schemas.in   $(INTLTOOL_MERGE) $(wildcard $(top_srcdir)/po/*.po) ; LC_ALL=C $(INTLTOOL_MERGE) -s -u -c $(top_builddir)/po/.intltool-merge-cache $(top_srcdir)/po $< $@'
INTLTOOL_SERVER_RULE='%.server:    %.server.in    $(INTLTOOL_MERGE) $(wildcard $(top_srcdir)/po/*.po) ; LC_ALL=C $(INTLTOOL_MERGE) -o -u -c $(top_builddir)/po/.intltool-merge-cache $(top_srcdir)/po $< $@'
INTLTOOL_SERVICE_RULE='%.service: %.service.in   $(INTLTOOL_MERGE) $(wildcard $(top_srcdir)/po/*.po) ; LC_ALL=C $(INTLTOOL_MERGE) -d -u -c $(top_builddir)/po/.intltool-merge-cache $(top_srcdir)/po $< $@'
INTLTOOL_SHEET_RULE='%.sheet:     %.sheet.in     $(INTLTOOL_MERGE) $(wildcard $(top_srcdir)/po/*.po) ; LC_ALL=C $(INTLTOOL_MERGE) -x -u -c $(top_builddir)/po/.intltool-merge-cache $(top_srcdir)/po $< $@'
INTLTOOL_SOUNDLIST_RULE='%.soundlist: %.soundlist.in $(INTLTOOL_MERGE) $(wildcard $(top_srcdir)/po/*.po) ; LC_ALL=C $(INTLTOOL_MERGE) -d -u -c $(top_builddir)/po/.intltool-merge-cache $(top_srcdir)/po $< $@'
INTLTOOL_THEME_RULE='%.theme:     %.theme.in     $(INTLTOOL_MERGE) $(wildcard $(top_srcdir)/po/*.po) ; LC_ALL=C $(INTLTOOL_MERGE) -d -u -c $(top_builddir)/po/.intltool-merge-cache $(top_srcdir)/po $< $@'
INTLTOOL_UI_RULE='%.ui:        %.ui.in        $(INTLTOOL_MERGE) $(wildcard $(top_srcdir)/po/*.po) ; LC_ALL=C $(INTLTOOL_MERGE) -x -u -c $(top_builddir)/po/.intltool-merge-cache $(top_srcdir)/po $< $@'
INTLTOOL_UPDATE='/usr/bin/intltool-update'
INTLTOOL_XAM_RULE='%.xam:       %.xml.in       $(INTLTOOL_MERGE) $(wildcard $(top_srcdir)/po/*.po) ; LC_ALL=C $(INTLTOOL_MERGE) -x -u -c $(top_builddir)/po/.intltool-merge-cache $(top_srcdir)/po $< $@'
INTLTOOL_XML_NOMERGE_RULE='%.xml:       %.xml.in       $(INTLTOOL_MERGE) ; LC_ALL=C $(INTLTOOL_MERGE) -x -u /tmp $< $@'
INTLTOOL_XML_RULE='%.xml:       %.xml.in       $(INTLTOOL_MERGE) $(wildcard $(top_srcdir)/po/*.po) ; LC_ALL=C $(INTLTOOL_MERGE) -x -u -c $(top_builddir)/po/.intltool-merge-cache $(top_srcdir)/po $< $@'
LDFLAGS=' -Wl,--as-needed -Wl,-O1 -Wl,-Bsymbolic-functions -Wl,--sort-common'
LIBOBJS=''
LIBS=''
LIBTOOL='$(SHELL) $(top_builddir)/libtool'
LN_S='ln -s'
LTLIBOBJS=''
LXPANEL_MODULE='-avoid-version -rpath $(libdir)/lxpanel/plugins -no-undefined -export-symbols-regex "^[^_].*"'
MAKEINFO='${SHELL} /home/quietheart/桌面/lxpanel/lxpanel-0.4.1/missing --run makeinfo'
MENU_CACHE_CFLAGS=''
MENU_CACHE_LIBS=''
MKINSTALLDIRS='./mkinstalldirs'
MSGFMT='/usr/bin/msgfmt'
MSGFMT_OPTS='-c'
MSGMERGE='/usr/bin/msgmerge'
NMEDIT=''
OBJEXT='o'
PACKAGE='lxpanel'
PACKAGE_BUGREPORT='http://lxde.org/'
PACKAGE_CFLAGS='-pthread -I/usr/include/gtk-2.0 -I/usr/lib/gtk-2.0/include -I/usr/include/atk-1.0 -I/usr/include/cairo -I/usr/include/pango-1.0 -I/usr/include/glib-2.0 -I/usr/lib/glib-2.0/include -I/usr/include/freetype2 -I/usr/include/libpng12 -I/usr/include/pixman-1   '
PACKAGE_LIBS='-pthread -lgtk-x11-2.0 -lgdk-x11-2.0 -latk-1.0 -lgdk_pixbuf-2.0 -lm -lpangocairo-1.0 -lpango-1.0 -lcairo -lgobject-2.0 -lgmodule-2.0 -ldl -lgthread-2.0 -lrt -lglib-2.0   '
PACKAGE_NAME='lxpanel'
PACKAGE_STRING='lxpanel 0.4.1'
PACKAGE_TARNAME='lxpanel'
PACKAGE_VERSION='0.4.1'
PATH_SEPARATOR=':'
PKG_CONFIG='/usr/bin/pkg-config'
PLUGINS_LIST='    netstatus          volume          cpu     deskno     batt     kbled          thermal'
POFILES=' ar.po cs.po da.po de.po es.po et.po eu.po fa.po fi.po fr.po gl.po hu.po hr.po id.po it.po ja.po ko.po lt.po ml.po nb.po nl.po nn.po pl.po ps.po pt.po pt_BR.po ru.po sk.po sl.po sv.po tr.po uk.po vi.po zh_CN.po zh_TW.po'
POSUB='po'
PO_IN_DATADIR_FALSE=''
PO_IN_DATADIR_TRUE=''
RANLIB='ranlib'
SED='/bin/sed'
SET_MAKE=''
SHELL='/bin/bash'
STRIP='strip'
USE_NLS='yes'
VERSION='0.4.1'
XGETTEXT='/usr/bin/xgettext'
XMKMF=''
ac_ct_CC='gcc'
ac_ct_CXX='g++'
ac_ct_F77=''
am__fastdepCC_FALSE='#'
am__fastdepCC_TRUE=''
am__fastdepCXX_FALSE='#'
am__fastdepCXX_TRUE=''
am__include='include'
am__isrc=''
am__leading_dot='.'
am__quote=''
am__tar='${AMTAR} chof - "$$tardir"'
am__untar='${AMTAR} xf -'
bindir='${exec_prefix}/bin'
build='i686-pc-linux-gnu'
build_alias=''
build_cpu='i686'
build_os='linux-gnu'
build_vendor='pc'
datadir='${datarootdir}'
datarootdir='${prefix}/share'
docdir='${datarootdir}/doc/${PACKAGE_TARNAME}'
dvidir='${docdir}'
exec_prefix='${prefix}'
host='i686-pc-linux-gnu'
host_alias=''
host_cpu='i686'
host_os='linux-gnu'
host_vendor='pc'
htmldir='${docdir}'
includedir='${prefix}/include'
infodir='${datarootdir}/info'
install_sh='$(SHELL) /home/quietheart/桌面/lxpanel/lxpanel-0.4.1/install-sh'
libdir='${exec_prefix}/lib'
libexecdir='${exec_prefix}/libexec'
localedir='${datarootdir}/locale'
localstatedir='${prefix}/var'
mandir='${datarootdir}/man'
mkdir_p='/bin/mkdir -p'
oldincludedir='/usr/include'
pdfdir='${docdir}'
prefix='/usr/local'
program_transform_name='s,x,x,'
psdir='${docdir}'
sbindir='${exec_prefix}/sbin'
sharedstatedir='${prefix}/com'
sysconfdir='${prefix}/etc'
target_alias=''

## ----------- ##
## confdefs.h. ##
## ----------- ##

#define PACKAGE_NAME "lxpanel"
#define PACKAGE_TARNAME "lxpanel"
#define PACKAGE_VERSION "0.4.1"
#define PACKAGE_STRING "lxpanel 0.4.1"
#define PACKAGE_BUGREPORT "http://lxde.org/"
#define PACKAGE "lxpanel"
#define VERSION "0.4.1"
#define STDC_HEADERS 1
#define HAVE_SYS_TYPES_H 1
#define HAVE_SYS_STAT_H 1
#define HAVE_STDLIB_H 1
#define HAVE_STRING_H 1
#define HAVE_MEMORY_H 1
#define HAVE_STRINGS_H 1
#define HAVE_INTTYPES_H 1
#define HAVE_STDINT_H 1
#define HAVE_UNISTD_H 1
#define HAVE_DLFCN_H 1
#define DISABLE_MENU 1
#define STDC_HEADERS 1
#define HAVE_SYS_WAIT_H 1
#define HAVE_LOCALE_H 1
#define HAVE_STDLIB_H 1
#define HAVE_STRING_H 1
#define HAVE_SYS_TIME_H 1
#define HAVE_UNISTD_H 1
#define HAVE_STDLIB_H 1
#define HAVE_MALLOC 1
#define RETSIGTYPE void
#define LSTAT_FOLLOWS_SLASHED_SYMLINK 1
#define HAVE_STRFTIME 1
#define HAVE_BZERO 1
#define HAVE_MEMSET 1
#define HAVE_MKDIR 1
#define HAVE_SETLOCALE 1
#define HAVE_STRCHR 1
#define GETTEXT_PACKAGE "lxpanel"
#define HAVE_LOCALE_H 1
#define HAVE_LC_MESSAGES 1
#define HAVE_BIND_TEXTDOMAIN_CODESET 1
#define HAVE_GETTEXT 1
#define HAVE_DCGETTEXT 1
#define ENABLE_NLS 1

configure: exit 0
